
> capaxx-energy2@0.1.0 prebuild
> node scripts/generate-sitemap.js

✅ Sitemap generated successfully at public/sitemap.xml
📊 Total URLs: 17

> capaxx-energy2@0.1.0 build
> next build

▲ Next.js 16.1.5 (Turbopack)

  Creating an optimized production build ...
✓ Compiled successfully in 1478.9ms
  Running TypeScript ...
Failed to compile.

./src/components/PlausibleAnalytics.tsx:28:9
Type error: Type '(eventName: string, options: PlausibleEventOptions) => void' is not assignable to type '(eventName: string, options?: { props?: Record<string, string | number | boolean> | undefined; } | undefined) => void'.
  Types of parameters 'options' and 'options' are incompatible.
    Type '{ props?: Record<string, string | number | boolean> | undefined; } | undefined' is not assignable to type 'PlausibleEventOptions'.
      Type 'undefined' is not assignable to type 'PlausibleEventOptions'.

[0m [90m 26 |[39m         })
 [90m 27 |[39m         
[31m[1m>[22m[39m[90m 28 |[39m         trackFn [33m=[39m track
 [90m    |[39m         [31m[1m^[22m[39m
 [90m 29 |[39m         isInitialized [33m=[39m [36mtrue[39m
 [90m 30 |[39m       }
 [90m 31 |[39m     }[0m
Next.js build worker exited with code: 1 and signal: null
